<?xml version="1.0" encoding="UTF-8"?>
<!-- Generated by org.testng.reporters.JUnitReportReporter -->
<testsuite skipped="0" hostname="DESKTOP-TKK5GPG" name="com.qtpselenium.Test1" tests="3" failures="0" timestamp="2020-02-19T18:14:13 PST" time="6.011" errors="0">
  <testcase name="testB3" time="2.001" classname="com.qtpselenium.Test1"/>
  <system-out/>
  <testcase name="testB1" time="2.000" classname="com.qtpselenium.Test1"/>
  <system-out/>
  <testcase name="testA1" time="2.010" classname="com.qtpselenium.Test1"/>
  <system-out/>
</testsuite> <!-- com.qtpselenium.Test1 -->
