<?xml version="1.0" encoding="UTF-8"?>
<!-- Generated by org.testng.reporters.JUnitReportReporter -->
<testsuite skipped="0" hostname="DESKTOP-TKK5GPG" name="com.qtpselenium.Test2" tests="2" failures="0" timestamp="2020-02-19T18:14:13 PST" time="4.001" errors="0">
  <testcase name="testB2" time="2.001" classname="com.qtpselenium.Test2"/>
  <system-out/>
  <testcase name="testB1" time="2.000" classname="com.qtpselenium.Test2"/>
  <system-out/>
</testsuite> <!-- com.qtpselenium.Test2 -->
