<?xml version="1.0" encoding="UTF-8"?>
<!-- Generated by org.testng.reporters.JUnitReportReporter -->
<testsuite skipped="0" hostname="DESKTOP-TKK5GPG" name="com.qtpselenium.AppTest" tests="1" failures="0" timestamp="2020-02-19T18:03:59 PST" time="0.006" errors="0">
  <testcase name="doTest" time="0.006" classname="com.qtpselenium.AppTest"/>
  <system-out/>
</testsuite> <!-- com.qtpselenium.AppTest -->
