<?xml version="1.0" encoding="UTF-8"?>
<!-- Generated by org.testng.reporters.JUnitReportReporter -->
<testsuite skipped="0" hostname="DESKTOP-TKK5GPG" name="com.qtpselenium.AppTest" tests="1" failures="0" timestamp="20 Feb 2020 01:57:57 GMT" time="0.025" errors="0">
  <testcase name="doTest" time="0.025" classname="com.qtpselenium.AppTest"/>
</testsuite> <!-- com.qtpselenium.AppTest -->
