<?xml version="1.0" encoding="UTF-8"?>
<!-- Generated by org.testng.reporters.JUnitReportReporter -->
<testsuite skipped="0" hostname="DESKTOP-TKK5GPG" name="com.qtpselenium.Test1" tests="3" failures="0" timestamp="20 Feb 2020 02:18:48 GMT" time="6.037" errors="0">
  <testcase name="testB1" time="2.006" classname="com.qtpselenium.Test1"/>
  <testcase name="testA1" time="2.021" classname="com.qtpselenium.Test1"/>
  <testcase name="testB3" time="2.010" classname="com.qtpselenium.Test1"/>
</testsuite> <!-- com.qtpselenium.Test1 -->
