<?xml version="1.0" encoding="UTF-8"?>
<!-- Generated by org.testng.reporters.JUnitReportReporter -->
<testsuite skipped="0" hostname="DESKTOP-TKK5GPG" name="com.qtpselenium.Test2" tests="2" failures="0" timestamp="20 Feb 2020 02:18:48 GMT" time="4.026" errors="0">
  <testcase name="testB1" time="2.021" classname="com.qtpselenium.Test2"/>
  <testcase name="testB2" time="2.005" classname="com.qtpselenium.Test2"/>
</testsuite> <!-- com.qtpselenium.Test2 -->
